<?xml version="1.0" encoding="UTF-8"?>
<!-- Generated by org.testng.reporters.JUnitReportReporter -->
<testsuite skipped="0" hostname="Vishesh-Raaj" name="Academy.validateNavigationBar" tests="1" failures="0" timestamp="2021-04-26T15:49:07 IST" time="0.191" errors="0">
  <testcase name="validateAppNavBar" time="0.191" classname="Academy.validateNavigationBar"/>
  <system-out/>
</testsuite> <!-- Academy.validateNavigationBar -->
