<?xml version="1.0" encoding="UTF-8"?>
<!-- Generated by org.testng.reporters.JUnitReportReporter -->
<testsuite hostname="Vishesh-Raaj" name="Academy.validateNavigationBar" tests="1" failures="0" timestamp="26 Apr 2021 10:50:09 GMT" time="0.493" errors="0">
  <testcase name="validateAppNavBar" time="0.493" classname="Academy.validateNavigationBar"/>
</testsuite> <!-- Academy.validateNavigationBar -->
